  normalMapping.cpp
c:\users\tia-a\documents\shaders yr2\coursework\advanced-shaders-asia292\coursework\normalmapping.cpp(263): warning C4244: '=': conversion from 'double' to 'GLfloat', possible loss of data
c:\users\tia-a\documents\shaders yr2\coursework\advanced-shaders-asia292\coursework\normalmapping.cpp(264): warning C4244: '=': conversion from 'double' to 'GLfloat', possible loss of data
c:\users\tia-a\documents\shaders yr2\coursework\advanced-shaders-asia292\coursework\normalmapping.cpp(268): warning C4244: 'initializing': conversion from 'double' to 'GLfloat', possible loss of data
c:\users\tia-a\documents\shaders yr2\coursework\advanced-shaders-asia292\coursework\normalmapping.cpp(269): warning C4244: 'initializing': conversion from 'double' to 'GLfloat', possible loss of data
c:\users\tia-a\documents\shaders yr2\coursework\advanced-shaders-asia292\coursework\normalmapping.cpp(271): warning C4244: '=': conversion from 'double' to 'GLfloat', possible loss of data
c:\users\tia-a\documents\shaders yr2\coursework\advanced-shaders-asia292\coursework\normalmapping.cpp(272): warning C4244: '=': conversion from 'double' to 'GLfloat', possible loss of data
c:\users\tia-a\documents\shaders yr2\coursework\advanced-shaders-asia292\coursework\normalmapping.cpp(279): warning C4244: 'argument': conversion from 'double' to 'GLfloat', possible loss of data
  SOIL.lib(SOIL.obj) : MSIL .netmodule or module compiled with /GL found; restarting link with /LTCG; add /LTCG to the link command line to improve linker performance
LINK : warning LNK4075: ignoring '/INCREMENTAL' due to '/LTCG' specification
LINK : warning LNK4098: defaultlib 'LIBCMT' conflicts with use of other libs; use /NODEFAULTLIB:library
LINK : warning LNK4098: defaultlib 'MSVCRT' conflicts with use of other libs; use /NODEFAULTLIB:library
  Generating code
  Finished generating code
SOIL.lib(SOIL.obj) : warning LNK4099: PDB 'vc110.pdb' was not found with 'SOIL.lib(SOIL.obj)' or at 'C:\Users\Tia-A\Documents\Shaders Yr2\Coursework\advanced-shaders-Asia292\Coursework\Debug\vc110.pdb'; linking object as if no debug info
SOIL.lib(stb_image_aug.obj) : warning LNK4099: PDB 'vc110.pdb' was not found with 'SOIL.lib(stb_image_aug.obj)' or at 'C:\Users\Tia-A\Documents\Shaders Yr2\Coursework\advanced-shaders-Asia292\Coursework\Debug\vc110.pdb'; linking object as if no debug info
SOIL.lib(image_helper.obj) : warning LNK4099: PDB 'vc110.pdb' was not found with 'SOIL.lib(image_helper.obj)' or at 'C:\Users\Tia-A\Documents\Shaders Yr2\Coursework\advanced-shaders-Asia292\Coursework\Debug\vc110.pdb'; linking object as if no debug info
SOIL.lib(image_DXT.obj) : warning LNK4099: PDB 'vc110.pdb' was not found with 'SOIL.lib(image_DXT.obj)' or at 'C:\Users\Tia-A\Documents\Shaders Yr2\Coursework\advanced-shaders-Asia292\Coursework\Debug\vc110.pdb'; linking object as if no debug info
glew32s.lib(glew.obj) : warning LNK4099: PDB 'vc110.pdb' was not found with 'glew32s.lib(glew.obj)' or at 'C:\Users\Tia-A\Documents\Shaders Yr2\Coursework\advanced-shaders-Asia292\Coursework\Debug\vc110.pdb'; linking object as if no debug info
  Normal Mapping.vcxproj -> C:\Users\Tia-A\Documents\Shaders Yr2\Coursework\advanced-shaders-Asia292\Coursework\Debug\Normal Mapping.exe
